Drill Listing
=============
Drill: .01575  Tool: 1  Feed: 95  Speed: 300
X 2075000  Y 1562500
X 2075000  Y 1567500
X 2045000  Y 1587500
X 2050000  Y 1597500
X 2072500  Y 1609645
X 2085000  Y 1617500
X 2055118  Y 1621850
X 2085078  Y 1621929
X 2055118  Y 1645000
X 2082500  Y 1650000
X 2085000  Y 1670000
X 2080314  Y 1670511
X 2088503  Y 1672519
X 2076889  Y 1672598
X 2073267  Y 1682716
X 2078188  Y 1685590
X 2072500  Y 1687500
X 2074330  Y 1705078
X 2078818  Y 1710629
X 2096811  Y 1705275
X 2091023  Y 1704173
X 2125000  Y 1692500
X 2127913  Y 1688464
X 2132480  Y 1687086
X 2112952  Y 1673070
X 2112992  Y 1665000
X 2105000  Y 1665000
X 2117559  Y 1622007
X 2105000  Y 1617500
X 2137500  Y 1507500
X 2147500  Y 1532500
X 2185000  Y 1565000
X 2187500  Y 1570000
X 2152500  Y 1587500
X 2152500  Y 1597500
X 2169921  Y 1672716
X 2222500  Y 1650000
X 2216299  Y 1609645
X 2220000  Y 1565000
X 2235000  Y 1530000
X 2195000  Y 1530000
X 2190472  Y 1529055
X 2272125  Y 1526574

Drill: .02362  Tool: 2  Feed: 197  Speed: 550
X 2287519  Y 1561968
X 2271771  Y 1561968

Drill: .024  Tool: 3  Feed: 197  Speed: 550
X 2014606  Y 1545393
X 2056692  Y 1548700
X 2040708  Y 1561220
X 2020629  Y 1574881
X 2032500  Y 1580000
X 2022500  Y 1590000
X 2028110  Y 1592322
X 2038858  Y 1603464
X 2060000  Y 1608307
X 2042500  Y 1652500
X 2047637  Y 1661732
X 2024448  Y 1663346
X 2047480  Y 1667952
X 2039094  Y 1668307
X 2022795  Y 1683149
X 2065000  Y 1695000
X 2112500  Y 1695000
X 2097874  Y 1665511
X 2085000  Y 1655000
X 2102834  Y 1648228
X 2084291  Y 1640511
X 2098385  Y 1603385
X 2112500  Y 1592500
X 2098070  Y 1580039
X 2090000  Y 1580000
X 2085000  Y 1557500
X 2107500  Y 1530000
X 2171850  Y 1529370
X 2125000  Y 1535000
X 2115629  Y 1547204
X 2172716  Y 1562637
X 2167244  Y 1603188
X 2132500  Y 1650000
X 2120000  Y 1697500
X 2187500  Y 1705000
X 2235000  Y 1729409
X 2201299  Y 1668976
X 2215433  Y 1662401
X 2214527  Y 1637716
X 2210000  Y 1592500
X 2217992  Y 1520000
X 2254842  Y 1520590
X 2291653  Y 1520669
X 2244133  Y 1560196
X 2287500  Y 1625000

Drill: .035  Tool: 4  Feed: 197  Speed: 550
X 2031929  Y 1506102
X 2041929  Y 1506102
X 2042716  Y 1735000
X 2032716  Y 1735000
X 2085629  Y 1735000
X 2075629  Y 1735000
X 2065629  Y 1735000
X 2129763  Y 1735039
X 2139763  Y 1735039
X 2105629  Y 1735000
X 2095629  Y 1735000
X 2203543  Y 1579212
X 2193543  Y 1579212
X 2179645  Y 1667834
X 2189645  Y 1667834
X 2222283  Y 1697992
X 2222283  Y 1707992

End of Listing
